<?xml version="1.0" encoding="UTF-8"?>
<!-- Generated by org.testng.reporters.JUnitXMLReporter -->
<testsuite ignored="0" hostname="LAPTOP-NAU9B5OB" failures="0" tests="18" name="Default test" time="22.991" errors="0" timestamp="2024-09-14T22:22:35 IST">
  <testcase classname="com.test.Sauce_Class" name="browserLaunch" time="1.865"/>
  <testcase classname="com.test.Sauce_Class" name="url" time="0.912"/>
  <testcase classname="com.test.Sauce_Class" name="userName" time="0.166"/>
  <testcase classname="com.test.Sauce_Class" name="password" time="0.109"/>
  <testcase classname="com.test.Sauce_Class" name="login" time="0.104"/>
  <testcase classname="com.test.Sauce_Class" name="aboutMenu" time="0.056"/>
  <testcase classname="com.test.Sauce_Class" name="about" time="8.553"/>
  <testcase classname="com.test.Sauce_Class" name="back" time="5.365"/>
  <testcase classname="com.test.Sauce_Class" name="validateThePage" time="0.108"/>
  <testcase classname="com.test.Sauce_Class" name="addToCart" time="2.073"/>
  <testcase classname="com.test.Sauce_Class" name="cartToIcon" time="0.077"/>
  <testcase classname="com.test.Sauce_Class" name="validateTheCartPage" time="0.011"/>
  <testcase classname="com.test.Sauce_Class" name="checkOut" time="0.07"/>
  <testcase classname="com.test.Sauce_Class" name="validateTheCheckoutPage" time="0.011"/>
  <testcase classname="com.test.Sauce_Class" name="firstName" time="0.112"/>
  <testcase classname="com.test.Sauce_Class" name="lastName" time="0.111"/>
  <testcase classname="com.test.Sauce_Class" name="postalCode" time="0.1"/>
  <testcase classname="com.test.Sauce_Class" name="continueButton" time="3.096"/>
</testsuite> <!-- Default test -->
